{"total": {"lines":{"total":238,"covered":146,"skipped":0,"pct":61.34},"statements":{"total":246,"covered":147,"skipped":0,"pct":59.75},"functions":{"total":41,"covered":23,"skipped":0,"pct":56.09},"branches":{"total":129,"covered":71,"skipped":0,"pct":55.03},"branchesTrue":{"total":0,"covered":0,"skipped":0,"pct":100}}
,"/Users/lsofa/iam-service/src/clients/clinrec-client.ts": {"lines":{"total":55,"covered":44,"skipped":0,"pct":80},"functions":{"total":12,"covered":11,"skipped":0,"pct":91.66},"statements":{"total":58,"covered":44,"skipped":0,"pct":75.86},"branches":{"total":29,"covered":13,"skipped":0,"pct":44.82}}
,"/Users/lsofa/iam-service/src/config/index.ts": {"lines":{"total":8,"covered":7,"skipped":0,"pct":87.5},"functions":{"total":1,"covered":1,"skipped":0,"pct":100},"statements":{"total":8,"covered":7,"skipped":0,"pct":87.5},"branches":{"total":31,"covered":16,"skipped":0,"pct":51.61}}
,"/Users/lsofa/iam-service/src/core/policy-engine.ts": {"lines":{"total":34,"covered":34,"skipped":0,"pct":100},"functions":{"total":3,"covered":3,"skipped":0,"pct":100},"statements":{"total":34,"covered":34,"skipped":0,"pct":100},"branches":{"total":32,"covered":31,"skipped":0,"pct":96.87}}
,"/Users/lsofa/iam-service/src/services/permission.service.ts": {"lines":{"total":62,"covered":35,"skipped":0,"pct":56.45},"functions":{"total":11,"covered":6,"skipped":0,"pct":54.54},"statements":{"total":65,"covered":36,"skipped":0,"pct":55.38},"branches":{"total":15,"covered":5,"skipped":0,"pct":33.33}}
,"/Users/lsofa/iam-service/src/services/user.service.ts": {"lines":{"total":72,"covered":19,"skipped":0,"pct":26.38},"functions":{"total":14,"covered":2,"skipped":0,"pct":14.28},"statements":{"total":74,"covered":19,"skipped":0,"pct":25.67},"branches":{"total":19,"covered":3,"skipped":0,"pct":15.78}}
,"/Users/lsofa/iam-service/src/utils/logger.ts": {"lines":{"total":7,"covered":7,"skipped":0,"pct":100},"functions":{"total":0,"covered":0,"skipped":0,"pct":100},"statements":{"total":7,"covered":7,"skipped":0,"pct":100},"branches":{"total":3,"covered":3,"skipped":0,"pct":100}}
}
